
> cms-modern@1.0.0 typecheck
> tsc --noEmit

app/bulk-operations/page.tsx(8,58): error TS6133: 'Play' is declared but its value is never read.
app/bulk-operations/page.tsx(8,71): error TS6133: 'CheckCircle' is declared but its value is never read.
app/bulk-operations/page.tsx(8,84): error TS6133: 'XCircle' is declared but its value is never read.
app/bulk-operations/page.tsx(8,93): error TS6133: 'Clock' is declared but its value is never read.
app/categories/page.tsx(18,31): error TS6133: 'setExpandedCategories' is declared but its value is never read.
app/dashboard/page.tsx(7,1): error TS6133: 'usePermissions' is declared but its value is never read.
app/dashboard/page.tsx(393,33): error TS7006: Parameter 'page' implicitly has an 'any' type.
app/dashboard/page.tsx(393,39): error TS7006: Parameter 'index' implicitly has an 'any' type.
app/pages/[id]/edit/page.tsx(28,18): error TS18047: 'params' is possibly 'null'.
app/pressel/page-fixed.tsx(7,1): error TS6133: 'useOrganization' is declared but its value is never read.
app/settings/page-backup.tsx(16,11): error TS6196: 'Site' is declared but never used.
app/settings/page-backup.tsx(226,31): error TS2339: Property 'posts' does not exist on type 'Site'.
app/settings/page-backup.tsx(233,31): error TS2339: Property 'pages' does not exist on type 'Site'.
app/settings/page-backup.tsx(240,31): error TS2339: Property 'media' does not exist on type 'Site'.
app/templates/[id]/edit/page.tsx(36,22): error TS18047: 'params' is possibly 'null'.
app/users/[id]/permissions/page.tsx(28,9): error TS18047: 'params' is possibly 'null'.
app/users/[id]/permissions/page.tsx(29,50): error TS18047: 'params' is possibly 'null'.
app/users/[id]/permissions/page.tsx(35,7): error TS18047: 'params' is possibly 'null'.
hooks/use-site-isolation.ts(2,25): error TS2307: Cannot find module '@/contexts/site-context' or its corresponding type declarations.
lib/ai-cache-service.ts(15,21): error TS2307: Cannot find module './_db' or its corresponding type declarations.
lib/ai-diagnostic-integration.ts(121,43): error TS2349: This expression is not callable.
  Type 'null' has no call signatures.
lib/ai-diagnostic-integration.ts(157,42): error TS2349: This expression is not callable.
  Type 'null' has no call signatures.
lib/cron-jobs.ts(2,10): error TS2305: Module '"./wordpress-sync"' has no exported member 'wordPressSyncManager'.
lib/design-system.ts(175,18): error TS7053: Element implicitly has an 'any' type because expression of type 'string' can't be used to index type '{ card: { backgroundColor: string; borderRadius: string; boxShadow: string; padding: string; border: string; }; button: { primary: { backgroundColor: string; color: string; borderRadius: string; padding: string; ... 5 more ...; '&:hover': { ...; }; }; secondary: { ...; }; }; input: { ...; }; badge: { ...; }; }'.
  No index signature with a parameter of type 'string' was found on type '{ card: { backgroundColor: string; borderRadius: string; boxShadow: string; padding: string; border: string; }; button: { primary: { backgroundColor: string; color: string; borderRadius: string; padding: string; ... 5 more ...; '&:hover': { ...; }; }; secondary: { ...; }; }; input: { ...; }; badge: { ...; }; }'.
lib/feature-access.ts(216,10): error TS2869: Right operand of ?? is unreachable because the left operand is never nullish.
lib/feedback/feedback-service.ts(249,9): error TS7053: Element implicitly has an 'any' type because expression of type 'any' can't be used to index type '{ high: { total: number; positive: number; negative: number; }; medium: { total: number; positive: number; negative: number; }; low: { total: number; positive: number; negative: number; }; }'.
lib/feedback/feedback-service.ts(251,11): error TS7053: Element implicitly has an 'any' type because expression of type 'any' can't be used to index type '{ high: { total: number; positive: number; negative: number; }; medium: { total: number; positive: number; negative: number; }; low: { total: number; positive: number; negative: number; }; }'.
lib/feedback/feedback-service.ts(253,11): error TS7053: Element implicitly has an 'any' type because expression of type 'any' can't be used to index type '{ high: { total: number; positive: number; negative: number; }; medium: { total: number; positive: number; negative: number; }; low: { total: number; positive: number; negative: number; }; }'.
lib/image-overlay-service.ts(79,10): error TS18048: 'safeArea' is possibly 'undefined'.
lib/image-overlay-service.ts(81,11): error TS18048: 'safeArea' is possibly 'undefined'.
lib/image-overlay-service.ts(83,12): error TS18048: 'safeArea' is possibly 'undefined'.
lib/image-overlay-service.ts(85,13): error TS18048: 'safeArea' is possibly 'undefined'.
lib/maintenance/reindex-incremental.ts(57,9): error TS2561: Object literal may only specify known properties, but 'published' does not exist in type 'PageWhereInput'. Did you mean to write 'publishedAt'?
lib/model-policy-service.ts(10,21): error TS2307: Cannot find module './_db' or its corresponding type declarations.
lib/monetization-sync-manager.ts(126,15): error TS6133: 'baseUrl' is declared but its value is never read.
lib/monetization-sync-manager.ts(126,32): error TS6133: 'username' is declared but its value is never read.
lib/monetization-sync-manager.ts(126,50): error TS6133: 'password' is declared but its value is never read.
lib/monetization-sync-manager.ts(127,10): error TS2339: Property 'this' does not exist on type 'MonetizationSyncManager'.
lib/monetization-sync-manager.ts(127,26): error TS2663: Cannot find name '_baseUrl'. Did you mean the instance member 'this._baseUrl'?
lib/monetization-sync-manager.ts(128,10): error TS2339: Property 'this' does not exist on type 'MonetizationSyncManager'.
lib/monetization-sync-manager.ts(128,27): error TS2663: Cannot find name '_username'. Did you mean the instance member 'this._username'?
lib/monetization-sync-manager.ts(129,10): error TS2339: Property 'this' does not exist on type 'MonetizationSyncManager'.
lib/monetization-sync-manager.ts(129,27): error TS2663: Cannot find name '_password'. Did you mean the instance member 'this._password'?
lib/rag-service.ts(514,19): error TS6133: 'aIContent' is declared but its value is never read.
lib/rag-service.ts(518,21): error TS2552: Cannot find name 'aiContent'. Did you mean 'aIContent'?
lib/rag-service.ts(679,19): error TS6133: 'aIContent' is declared but its value is never read.
lib/rag-service.ts(683,21): error TS2552: Cannot find name 'aiContent'. Did you mean 'aIContent'?
lib/rag-service.ts(684,25): error TS2552: Cannot find name 'aiContent'. Did you mean 'aIContent'?
lib/rag-service.ts(685,27): error TS2304: Cannot find name 'aiContent'.
lib/rag-service.ts(710,19): error TS6133: 'aIContent' is declared but its value is never read.
lib/rag-service.ts(714,23): error TS2304: Cannot find name 'aiContent'.
lib/rag-service.ts(714,38): error TS2304: Cannot find name 'aiContent'.
lib/rag-service.ts(714,60): error TS2304: Cannot find name 'aiContent'.
scripts/auto-fix-build-v2.ts(94,66): error TS1501: This regular expression flag is only available when targeting 'es2018' or later.
scripts/auto-fix-build-v2.ts(96,77): error TS1501: This regular expression flag is only available when targeting 'es2018' or later.
scripts/auto-fix-build.ts(75,94): error TS1501: This regular expression flag is only available when targeting 'es2018' or later.
scripts/auto-fix-build.ts(89,103): error TS1501: This regular expression flag is only available when targeting 'es2018' or later.
scripts/test-creative-generator.ts(24,9): error TS2741: Property 'mainPrompt' is missing in type '{ productName: string; productDescription: string; }' but required in type 'CreativeBrief'.
scripts/test-creative-generator.ts(39,9): error TS2741: Property 'mainPrompt' is missing in type '{ productName: string; platform: "instagram"; imageReferences: ({ url: string; role: "style"; description: string; } | { url: string; role: "produto"; description: string; })[]; }' but required in type 'CreativeBrief'.
scripts/test-creative-generator.ts(64,11): error TS2741: Property 'mainPrompt' is missing in type '{ productName: string; productDescription: string; targetAudience: string; keyBenefits: string[]; tone: "professional"; platform: "facebook"; maxLength: number; callToAction: string; }' but required in type 'CreativeBrief'.
tests/ai/hnsw-tuning.test.ts(7,32): error TS2305: Module '"vitest"' has no exported member '_vi'.
tests/ai/queue-claim.test.ts(7,44): error TS2305: Module '"vitest"' has no exported member '_vi'.
tests/ai/rag-regression.baseline.ts(8,10): error TS2305: Module '"path"' has no exported member '_join'.
tests/e2e/finops-degradation.test.ts(11,59): error TS2307: Cannot find module '@jest/globals' or its corresponding type declarations.
tests/e2e/finops-degradation.test.ts(17,21): error TS2307: Cannot find module '_crypto' or its corresponding type declarations.
tests/e2e/ops-health-alerts.test.ts(11,59): error TS2307: Cannot find module '@jest/globals' or its corresponding type declarations.
tests/e2e/ops-health-alerts.test.ts(18,21): error TS2307: Cannot find module '_crypto' or its corresponding type declarations.
tests/e2e/queue-recovery.test.ts(11,59): error TS2307: Cannot find module '@jest/globals' or its corresponding type declarations.
tests/e2e/queue-recovery.test.ts(16,21): error TS2307: Cannot find module '_crypto' or its corresponding type declarations.
tests/e2e/wp-full-sync.test.ts(9,59): error TS2307: Cannot find module '@jest/globals' or its corresponding type declarations.
tests/e2e/wp-incremental-webhook.test.ts(9,59): error TS2307: Cannot find module '@jest/globals' or its corresponding type declarations.
tests/e2e/wp-incremental-webhook.test.ts(14,21): error TS2307: Cannot find module '_crypto' or its corresponding type declarations.
tests/e2e/wp-push-loop-prevention.test.ts(8,59): error TS2307: Cannot find module '@jest/globals' or its corresponding type declarations.
tests/e2e/wp-rag-quality.test.ts(12,59): error TS2307: Cannot find module '@jest/globals' or its corresponding type declarations.
tests/feedback/feedback-service.test.ts(5,32): error TS2305: Module '"vitest"' has no exported member '_vi'.
tests/finops/tenant-cost-policy.test.ts(5,32): error TS2305: Module '"vitest"' has no exported member '_vi'.
tests/maintenance/cron-endpoints.test.ts(5,32): error TS2305: Module '"vitest"' has no exported member '_vi'.
tests/wordpress/wp-rag-e2e.test.ts(13,59): error TS2307: Cannot find module '@jest/globals' or its corresponding type declarations.
