
> cms-modern@1.0.0 typecheck
> tsc --noEmit

lib/ai-diagnostic-integration.ts(124,9): error TS1434: Unexpected keyword or identifier.
lib/ai-diagnostic-integration.ts(124,14): error TS1434: Unexpected keyword or identifier.
lib/ai-diagnostic-integration.ts(124,27): error TS1434: Unexpected keyword or identifier.
lib/ai-diagnostic-integration.ts(124,49): error TS1005: ';' expected.
lib/ai-diagnostic-integration.ts(126,15): error TS1434: Unexpected keyword or identifier.
lib/ai-diagnostic-integration.ts(127,16): error TS1434: Unexpected keyword or identifier.
lib/ai-diagnostic-integration.ts(129,9): error TS1434: Unexpected keyword or identifier.
lib/ai-diagnostic-integration.ts(130,21): error TS1005: ';' expected.
lib/ai-diagnostic-integration.ts(131,20): error TS1005: ';' expected.
lib/ai-diagnostic-integration.ts(133,23): error TS1005: ';' expected.
lib/ai-diagnostic-integration.ts(135,9): error TS1005: 'while' expected.
lib/ai-diagnostic-integration.ts(135,17): error TS1005: ')' expected.
lib/ai-diagnostic-integration.ts(135,26): error TS1434: Unexpected keyword or identifier.
lib/ai-diagnostic-integration.ts(135,35): error TS1434: Unexpected keyword or identifier.
lib/ai-diagnostic-integration.ts(135,47): error TS1434: Unexpected keyword or identifier.
lib/ai-diagnostic-integration.ts(135,49): error TS1434: Unexpected keyword or identifier.
lib/ai-diagnostic-integration.ts(136,7): error TS1003: Identifier expected.
lib/ai-diagnostic-integration.ts(160,9): error TS1434: Unexpected keyword or identifier.
lib/ai-diagnostic-integration.ts(160,17): error TS1434: Unexpected keyword or identifier.
lib/ai-diagnostic-integration.ts(160,22): error TS1434: Unexpected keyword or identifier.
lib/ai-diagnostic-integration.ts(160,34): error TS1434: Unexpected keyword or identifier.
lib/ai-diagnostic-integration.ts(160,44): error TS1434: Unexpected keyword or identifier.
lib/ai-diagnostic-integration.ts(161,21): error TS1005: ';' expected.
lib/ai-diagnostic-integration.ts(162,21): error TS1005: ';' expected.
lib/ai-diagnostic-integration.ts(164,23): error TS1005: ';' expected.
lib/ai-diagnostic-integration.ts(166,9): error TS1005: 'while' expected.
lib/ai-diagnostic-integration.ts(166,13): error TS1005: ')' expected.
lib/ai-diagnostic-integration.ts(166,15): error TS1434: Unexpected keyword or identifier.
lib/ai-diagnostic-integration.ts(167,16): error TS1434: Unexpected keyword or identifier.
lib/ai-diagnostic-integration.ts(298,20): error TS1127: Invalid character.
lib/ai-diagnostic-integration.ts(298,21): error TS1127: Invalid character.
lib/ai-diagnostic-integration.ts(298,23): error TS1127: Invalid character.
lib/ai-diagnostic-integration.ts(298,26): error TS1434: Unexpected keyword or identifier.
lib/ai-diagnostic-integration.ts(298,47): error TS1005: ',' expected.
lib/ai-diagnostic-integration.ts(298,62): error TS1005: ',' expected.
lib/ai-diagnostic-integration.ts(298,71): error TS1127: Invalid character.
lib/ai-diagnostic-integration.ts(301,24): error TS1109: Expression expected.
lib/ai-diagnostic-integration.ts(301,27): error TS1005: ';' expected.
lib/ai-diagnostic-integration.ts(301,39): error TS1109: Expression expected.
lib/ai-diagnostic-integration.ts(301,41): error TS1109: Expression expected.
lib/ai-diagnostic-integration.ts(301,43): error TS1434: Unexpected keyword or identifier.
lib/ai-diagnostic-integration.ts(301,59): error TS1127: Invalid character.
lib/ai-diagnostic-integration.ts(301,61): error TS1443: Module declaration names may only use ' or " quoted strings.
lib/ai-diagnostic-integration.ts(307,20): error TS1127: Invalid character.
lib/ai-diagnostic-integration.ts(307,21): error TS1127: Invalid character.
lib/ai-diagnostic-integration.ts(307,23): error TS1127: Invalid character.
lib/ai-diagnostic-integration.ts(307,24): error TS1127: Invalid character.
lib/ai-diagnostic-integration.ts(307,26): error TS1434: Unexpected keyword or identifier.
lib/ai-diagnostic-integration.ts(307,50): error TS1005: ',' expected.
lib/ai-diagnostic-integration.ts(307,61): error TS1005: ',' expected.
lib/ai-diagnostic-integration.ts(307,70): error TS1127: Invalid character.
lib/ai-diagnostic-integration.ts(310,24): error TS1109: Expression expected.
lib/ai-diagnostic-integration.ts(310,27): error TS1005: ';' expected.
lib/ai-diagnostic-integration.ts(310,39): error TS1109: Expression expected.
lib/ai-diagnostic-integration.ts(310,41): error TS1109: Expression expected.
lib/ai-diagnostic-integration.ts(310,43): error TS1434: Unexpected keyword or identifier.
lib/ai-diagnostic-integration.ts(310,59): error TS1127: Invalid character.
lib/ai-diagnostic-integration.ts(310,61): error TS1443: Module declaration names may only use ' or " quoted strings.
lib/ai-diagnostic-integration.ts(316,20): error TS1127: Invalid character.
lib/ai-diagnostic-integration.ts(316,21): error TS1127: Invalid character.
lib/ai-diagnostic-integration.ts(316,23): error TS1127: Invalid character.
lib/ai-diagnostic-integration.ts(316,26): error TS1434: Unexpected keyword or identifier.
lib/ai-diagnostic-integration.ts(316,38): error TS1434: Unexpected keyword or identifier.
lib/ai-diagnostic-integration.ts(316,55): error TS1005: ',' expected.
lib/ai-diagnostic-integration.ts(316,73): error TS1005: ',' expected.
lib/ai-diagnostic-integration.ts(316,82): error TS1127: Invalid character.
lib/ai-diagnostic-integration.ts(319,24): error TS1109: Expression expected.
lib/ai-diagnostic-integration.ts(319,27): error TS1005: ';' expected.
lib/ai-diagnostic-integration.ts(319,39): error TS1109: Expression expected.
lib/ai-diagnostic-integration.ts(319,41): error TS1109: Expression expected.
lib/ai-diagnostic-integration.ts(319,43): error TS1434: Unexpected keyword or identifier.
lib/ai-diagnostic-integration.ts(319,59): error TS1127: Invalid character.
lib/ai-diagnostic-integration.ts(319,61): error TS1443: Module declaration names may only use ' or " quoted strings.
lib/ai-diagnostic-integration.ts(325,20): error TS1127: Invalid character.
lib/ai-diagnostic-integration.ts(325,21): error TS1127: Invalid character.
lib/ai-diagnostic-integration.ts(325,23): error TS1127: Invalid character.
lib/ai-diagnostic-integration.ts(325,26): error TS1434: Unexpected keyword or identifier.
lib/ai-diagnostic-integration.ts(325,38): error TS1434: Unexpected keyword or identifier.
lib/ai-diagnostic-integration.ts(325,47): error TS1005: ',' expected.
lib/ai-diagnostic-integration.ts(325,57): error TS1005: ',' expected.
lib/ai-diagnostic-integration.ts(325,66): error TS1127: Invalid character.
lib/ai-diagnostic-integration.ts(328,24): error TS1109: Expression expected.
lib/ai-diagnostic-integration.ts(328,27): error TS1005: ';' expected.
lib/ai-diagnostic-integration.ts(328,39): error TS1109: Expression expected.
lib/ai-diagnostic-integration.ts(328,41): error TS1109: Expression expected.
lib/ai-diagnostic-integration.ts(328,43): error TS1434: Unexpected keyword or identifier.
lib/ai-diagnostic-integration.ts(328,59): error TS1127: Invalid character.
lib/ai-diagnostic-integration.ts(334,26): error TS1005: ';' expected.
lib/ai-diagnostic-integration.ts(334,43): error TS1434: Unexpected keyword or identifier.
lib/ai-diagnostic-integration.ts(334,70): error TS1127: Invalid character.
lib/ai-diagnostic-integration.ts(335,30): error TS1005: ';' expected.
lib/ai-diagnostic-integration.ts(335,40): error TS1434: Unexpected keyword or identifier.
lib/ai-diagnostic-integration.ts(335,64): error TS1127: Invalid character.
lib/ai-diagnostic-integration.ts(336,30): error TS1005: ';' expected.
lib/ai-diagnostic-integration.ts(336,43): error TS1434: Unexpected keyword or identifier.
lib/ai-diagnostic-integration.ts(336,63): error TS1127: Invalid character.
lib/ai-diagnostic-integration.ts(337,30): error TS1005: ';' expected.
lib/ai-diagnostic-integration.ts(337,37): error TS1434: Unexpected keyword or identifier.
lib/ai-diagnostic-integration.ts(337,85): error TS1109: Expression expected.
lib/ai-diagnostic-integration.ts(337,86): error TS1127: Invalid character.
lib/ai-diagnostic-integration.ts(354,2): error TS1160: Unterminated template literal.
